WARNING:werkzeug: * Debugger is active!
INFO:werkzeug: * Debugger PIN: 829-108-846
INFO:werkzeug: * Detected change in '/home/shinawi-/Bureau/5SDBD/Projet/prediction-service/process_data.py', reloading
WARNING:werkzeug: * Debugger is active!
INFO:werkzeug: * Debugger PIN: 829-108-846
INFO:werkzeug:127.0.0.1 - - [15/Jan/2024 15:16:34] "POST /process_data HTTP/1.1" 200 -
INFO:werkzeug:[31m[1mWARNING: This is a development server. Do not use it in a production deployment. Use a production WSGI server instead.[0m
 * Running on http://127.0.0.1:8001
INFO:werkzeug:[33mPress CTRL+C to quit[0m
INFO:werkzeug: * Restarting with stat
WARNING:werkzeug: * Debugger is active!
INFO:werkzeug: * Debugger PIN: 985-958-854
INFO:werkzeug:127.0.0.1 - - [16/Jan/2024 08:31:35] "POST /process_data HTTP/1.1" 200 -
INFO:werkzeug: * Detected change in '/home/shinawi-/Bureau/5SDBD/Projet/prediction-service/train_model.py', reloading
INFO:werkzeug: * Restarting with stat
WARNING:werkzeug: * Debugger is active!
INFO:werkzeug: * Debugger PIN: 985-958-854
INFO:werkzeug: * Detected change in '/home/shinawi-/Bureau/5SDBD/Projet/prediction-service/train_model.py', reloading
INFO:werkzeug: * Restarting with stat
WARNING:werkzeug: * Debugger is active!
INFO:werkzeug: * Debugger PIN: 985-958-854
INFO:werkzeug: * Detected change in '/home/shinawi-/Bureau/5SDBD/Projet/prediction-service/process_data.py', reloading
INFO:werkzeug: * Restarting with stat
WARNING:werkzeug: * Debugger is active!
INFO:werkzeug: * Debugger PIN: 985-958-854
INFO:werkzeug: * Detected change in '/home/shinawi-/Bureau/5SDBD/Projet/prediction-service/predict.py', reloading
INFO:werkzeug: * Restarting with stat
WARNING:werkzeug: * Debugger is active!
INFO:werkzeug: * Debugger PIN: 985-958-854
INFO:werkzeug: * Detected change in '/home/shinawi-/Bureau/5SDBD/Projet/prediction-service/predict.py', reloading
INFO:werkzeug: * Restarting with stat
WARNING:werkzeug: * Debugger is active!
INFO:werkzeug: * Debugger PIN: 985-958-854
WARNING:werkzeug: * Debugger is active!
INFO:werkzeug: * Debugger PIN: 985-958-854
INFO:werkzeug: * Detected change in '/home/shinawi-/Bureau/5SDBD/Projet/prediction-service/train_model.py', reloading
INFO:werkzeug: * Detected change in '/home/shinawi-/Bureau/5SDBD/Projet/prediction-service/train_model.py', reloading
INFO:werkzeug: * Restarting with stat
WARNING:werkzeug: * Debugger is active!
INFO:werkzeug: * Debugger PIN: 985-958-854
WARNING:werkzeug: * Debugger is active!
INFO:werkzeug: * Debugger PIN: 985-958-854
INFO:werkzeug: * Detected change in '/home/shinawi-/Bureau/5SDBD/Projet/prediction-service/process_data.py', reloading
INFO:werkzeug: * Detected change in '/home/shinawi-/Bureau/5SDBD/Projet/prediction-service/process_data.py', reloading
INFO:werkzeug: * Restarting with stat
WARNING:werkzeug: * Debugger is active!
INFO:werkzeug: * Debugger PIN: 985-958-854
WARNING:werkzeug: * Debugger is active!
INFO:werkzeug: * Debugger PIN: 985-958-854
INFO:werkzeug: * Detected change in '/home/shinawi-/Bureau/5SDBD/Projet/prediction-service/process_data.py', reloading
INFO:werkzeug: * Detected change in '/home/shinawi-/Bureau/5SDBD/Projet/prediction-service/process_data.py', reloading
INFO:werkzeug: * Restarting with stat
WARNING:werkzeug: * Debugger is active!
INFO:werkzeug: * Debugger PIN: 985-958-854
WARNING:werkzeug: * Debugger is active!
INFO:werkzeug: * Debugger PIN: 985-958-854
INFO:werkzeug: * Detected change in '/home/shinawi-/Bureau/5SDBD/Projet/prediction-service/process_data.py', reloading
INFO:werkzeug: * Detected change in '/home/shinawi-/Bureau/5SDBD/Projet/prediction-service/process_data.py', reloading
INFO:werkzeug: * Restarting with stat
WARNING:werkzeug: * Debugger is active!
INFO:werkzeug: * Debugger PIN: 985-958-854
WARNING:werkzeug: * Debugger is active!
INFO:werkzeug: * Debugger PIN: 985-958-854
INFO:werkzeug: * Detected change in '/home/shinawi-/Bureau/5SDBD/Projet/prediction-service/process_data.py', reloading
INFO:werkzeug: * Restarting with stat
INFO:werkzeug: * Detected change in '/home/shinawi-/Bureau/5SDBD/Projet/prediction-service/process_data.py', reloading
WARNING:werkzeug: * Debugger is active!
INFO:werkzeug: * Debugger PIN: 985-958-854
WARNING:werkzeug: * Debugger is active!
INFO:werkzeug: * Debugger PIN: 985-958-854
INFO:werkzeug: * Detected change in '/home/shinawi-/Bureau/5SDBD/Projet/prediction-service/preprocessing.py', reloading
INFO:werkzeug: * Restarting with stat
INFO:werkzeug: * Detected change in '/home/shinawi-/Bureau/5SDBD/Projet/prediction-service/preprocessing.py', reloading
WARNING:werkzeug: * Debugger is active!
INFO:werkzeug: * Debugger PIN: 985-958-854
WARNING:werkzeug: * Debugger is active!
INFO:werkzeug: * Debugger PIN: 985-958-854
INFO:werkzeug: * Detected change in '/home/shinawi-/Bureau/5SDBD/Projet/prediction-service/preprocessing.py', reloading
INFO:werkzeug: * Restarting with stat
INFO:werkzeug: * Detected change in '/home/shinawi-/Bureau/5SDBD/Projet/prediction-service/preprocessing.py', reloading
WARNING:werkzeug: * Debugger is active!
INFO:werkzeug: * Debugger PIN: 985-958-854
WARNING:werkzeug: * Debugger is active!
INFO:werkzeug: * Debugger PIN: 985-958-854
INFO:werkzeug: * Detected change in '/home/shinawi-/Bureau/5SDBD/Projet/prediction-service/preprocessing.py', reloading
INFO:werkzeug: * Restarting with stat
INFO:werkzeug: * Detected change in '/home/shinawi-/Bureau/5SDBD/Projet/prediction-service/preprocessing.py', reloading
WARNING:werkzeug: * Debugger is active!
INFO:werkzeug: * Debugger PIN: 985-958-854
WARNING:werkzeug: * Debugger is active!
INFO:werkzeug: * Debugger PIN: 985-958-854
INFO:werkzeug: * Detected change in '/home/shinawi-/Bureau/5SDBD/Projet/prediction-service/preprocessing.py', reloading
INFO:werkzeug: * Detected change in '/home/shinawi-/Bureau/5SDBD/Projet/prediction-service/preprocessing.py', reloading
INFO:werkzeug: * Restarting with stat
WARNING:werkzeug: * Debugger is active!
INFO:werkzeug: * Debugger PIN: 985-958-854
WARNING:werkzeug: * Debugger is active!
INFO:werkzeug: * Debugger PIN: 985-958-854
INFO:werkzeug: * Detected change in '/home/shinawi-/Bureau/5SDBD/Projet/prediction-service/test.py', reloading
INFO:werkzeug: * Detected change in '/home/shinawi-/Bureau/5SDBD/Projet/prediction-service/test.py', reloading
INFO:werkzeug: * Restarting with stat
WARNING:werkzeug: * Debugger is active!
INFO:werkzeug: * Debugger PIN: 985-958-854
WARNING:werkzeug: * Debugger is active!
INFO:werkzeug: * Debugger PIN: 985-958-854
DEBUG:urllib3.connectionpool:Starting new HTTP connection (1): 127.0.0.1:8001
INFO:root:Start of preprocessing
ERROR:root:Data missing in request
INFO:werkzeug:127.0.0.1 - - [16/Jan/2024 09:13:30] "POST /process_data HTTP/1.1" 200 -
DEBUG:urllib3.connectionpool:http://127.0.0.1:8001 "POST /process_data HTTP/1.1" 200 39
INFO:werkzeug:127.0.0.1 - - [16/Jan/2024 09:13:30] "POST /prediction_model HTTP/1.1" 200 -
INFO:werkzeug: * Detected change in '/home/shinawi-/Bureau/5SDBD/Projet/prediction-service/test.py', reloading
INFO:werkzeug: * Detected change in '/home/shinawi-/Bureau/5SDBD/Projet/prediction-service/test.py', reloading
INFO:werkzeug: * Restarting with stat
WARNING:werkzeug: * Debugger is active!
INFO:werkzeug: * Debugger PIN: 985-958-854
WARNING:werkzeug: * Debugger is active!
INFO:werkzeug: * Debugger PIN: 985-958-854
INFO:root:Start of preprocessing
INFO:root:End of preprocessing
INFO:werkzeug:127.0.0.1 - - [16/Jan/2024 09:14:57] "POST /process_data HTTP/1.1" 200 -
INFO:werkzeug: * Detected change in '/home/shinawi-/Bureau/5SDBD/Projet/prediction-service/predict.py', reloading
INFO:werkzeug: * Detected change in '/home/shinawi-/Bureau/5SDBD/Projet/prediction-service/predict.py', reloading
INFO:werkzeug: * Restarting with stat
WARNING:werkzeug: * Debugger is active!
INFO:werkzeug: * Debugger PIN: 985-958-854
WARNING:werkzeug: * Debugger is active!
INFO:werkzeug: * Debugger PIN: 985-958-854
INFO:werkzeug: * Detected change in '/home/shinawi-/Bureau/5SDBD/Projet/prediction-service/predict.py', reloading
INFO:werkzeug: * Detected change in '/home/shinawi-/Bureau/5SDBD/Projet/prediction-service/predict.py', reloading
INFO:werkzeug: * Restarting with stat
WARNING:werkzeug: * Debugger is active!
INFO:werkzeug: * Debugger PIN: 985-958-854
WARNING:werkzeug: * Debugger is active!
INFO:werkzeug: * Debugger PIN: 985-958-854
INFO:werkzeug: * Detected change in '/home/shinawi-/Bureau/5SDBD/Projet/prediction-service/test.py', reloading
INFO:werkzeug: * Detected change in '/home/shinawi-/Bureau/5SDBD/Projet/prediction-service/test.py', reloading
INFO:werkzeug: * Restarting with stat
WARNING:werkzeug: * Debugger is active!
INFO:werkzeug: * Debugger PIN: 985-958-854
INFO:root:Start of prediction
INFO:root:Request files : ImmutableMultiDict([('file', <FileStorage: 'data/Fraud_Data.csv' (None)>)])
DEBUG:urllib3.connectionpool:Starting new HTTP connection (1): 127.0.0.1:8001
WARNING:werkzeug: * Debugger is active!
INFO:werkzeug: * Debugger PIN: 985-958-854
INFO:root:Start of preprocessing
ERROR:root:Data missing in request
INFO:werkzeug:127.0.0.1 - - [16/Jan/2024 09:29:52] "POST /process_data HTTP/1.1" 200 -
DEBUG:urllib3.connectionpool:http://127.0.0.1:8001 "POST /process_data HTTP/1.1" 200 39
INFO:werkzeug:127.0.0.1 - - [16/Jan/2024 09:29:52] "POST /prediction_model HTTP/1.1" 200 -
INFO:werkzeug: * Detected change in '/home/shinawi-/Bureau/5SDBD/Projet/prediction-service/predict.py', reloading
INFO:werkzeug: * Restarting with stat
INFO:werkzeug: * Detected change in '/home/shinawi-/Bureau/5SDBD/Projet/prediction-service/predict.py', reloading
WARNING:werkzeug: * Debugger is active!
INFO:werkzeug: * Debugger PIN: 985-958-854
INFO:root:Start of preprocessing
ERROR:root:Data missing in request
INFO:werkzeug:127.0.0.1 - - [16/Jan/2024 09:30:10] "POST /process_data HTTP/1.1" 200 -
INFO:werkzeug: * Detected change in '/home/shinawi-/Bureau/5SDBD/Projet/prediction-service/predict.py', reloading
INFO:werkzeug: * Restarting with stat
WARNING:werkzeug: * Debugger is active!
INFO:werkzeug: * Debugger PIN: 985-958-854
INFO:werkzeug: * Detected change in '/home/shinawi-/Bureau/5SDBD/Projet/prediction-service/predict.py', reloading
INFO:werkzeug: * Restarting with stat
WARNING:werkzeug: * Debugger is active!
INFO:werkzeug: * Debugger PIN: 985-958-854
INFO:root:Start of preprocessing
ERROR:root:Data missing in request
INFO:werkzeug:127.0.0.1 - - [16/Jan/2024 09:32:13] "POST /process_data HTTP/1.1" 200 -
INFO:werkzeug: * Detected change in '/home/shinawi-/Bureau/5SDBD/Projet/prediction-service/predict.py', reloading
INFO:werkzeug: * Restarting with stat
WARNING:werkzeug: * Debugger is active!
INFO:werkzeug: * Debugger PIN: 985-958-854
INFO:werkzeug: * Detected change in '/home/shinawi-/Bureau/5SDBD/Projet/prediction-service/predict.py', reloading
INFO:werkzeug: * Restarting with stat
WARNING:werkzeug: * Debugger is active!
INFO:werkzeug: * Debugger PIN: 985-958-854
INFO:root:Start of preprocessing
INFO:root:End of preprocessing
INFO:werkzeug:127.0.0.1 - - [16/Jan/2024 09:54:07] "POST /process_data HTTP/1.1" 200 -
INFO:werkzeug: * Detected change in '/home/shinawi-/Bureau/5SDBD/Projet/prediction-service/predict.py', reloading
INFO:werkzeug: * Restarting with stat
WARNING:werkzeug: * Debugger is active!
INFO:werkzeug: * Debugger PIN: 985-958-854
INFO:root:Start of preprocessing
INFO:root:End of preprocessing
INFO:werkzeug:127.0.0.1 - - [16/Jan/2024 09:56:39] "POST /process_data HTTP/1.1" 200 -
INFO:werkzeug: * Detected change in '/home/shinawi-/Bureau/5SDBD/Projet/prediction-service/predict.py', reloading
INFO:werkzeug: * Restarting with stat
WARNING:werkzeug: * Debugger is active!
INFO:werkzeug: * Debugger PIN: 985-958-854
INFO:root:Start of preprocessing
INFO:root:End of preprocessing
INFO:werkzeug:127.0.0.1 - - [16/Jan/2024 09:59:31] "POST /process_data HTTP/1.1" 200 -
INFO:werkzeug: * Detected change in '/home/shinawi-/Bureau/5SDBD/Projet/prediction-service/predict.py', reloading
INFO:werkzeug: * Restarting with stat
WARNING:werkzeug: * Debugger is active!
INFO:werkzeug: * Debugger PIN: 985-958-854
INFO:root:Start of preprocessing
INFO:root:End of preprocessing
INFO:werkzeug:127.0.0.1 - - [16/Jan/2024 10:03:39] "POST /process_data HTTP/1.1" 200 -
INFO:werkzeug: * Detected change in '/home/shinawi-/Bureau/5SDBD/Projet/prediction-service/preprocessing.py', reloading
INFO:werkzeug: * Restarting with stat
WARNING:werkzeug: * Debugger is active!
INFO:werkzeug: * Debugger PIN: 985-958-854
INFO:werkzeug: * Detected change in '/home/shinawi-/Bureau/5SDBD/Projet/prediction-service/process_data.py', reloading
INFO:werkzeug: * Restarting with stat
WARNING:werkzeug: * Debugger is active!
INFO:werkzeug: * Debugger PIN: 985-958-854
INFO:werkzeug: * Detected change in '/home/shinawi-/Bureau/5SDBD/Projet/prediction-service/train_model.py', reloading
INFO:werkzeug: * Restarting with stat
WARNING:werkzeug: * Debugger is active!
INFO:werkzeug: * Debugger PIN: 985-958-854
INFO:werkzeug: * Detected change in '/home/shinawi-/Bureau/5SDBD/Projet/prediction-service/predict.py', reloading
INFO:werkzeug: * Restarting with stat
WARNING:werkzeug: * Debugger is active!
INFO:werkzeug: * Debugger PIN: 985-958-854
INFO:root:Start of preprocessing
INFO:root:End of preprocessing
INFO:werkzeug:127.0.0.1 - - [16/Jan/2024 10:28:14] "POST /process_data HTTP/1.1" 200 -
INFO:werkzeug: * Detected change in '/home/shinawi-/Bureau/5SDBD/Projet/prediction-service/predict.py', reloading
INFO:werkzeug: * Restarting with stat
WARNING:werkzeug: * Debugger is active!
INFO:werkzeug: * Debugger PIN: 985-958-854
INFO:werkzeug: * Detected change in '/home/shinawi-/Bureau/5SDBD/Projet/prediction-service/process_data.py', reloading
INFO:werkzeug: * Restarting with stat
WARNING:werkzeug: * Debugger is active!
INFO:werkzeug: * Debugger PIN: 985-958-854
INFO:root:Start of preprocessing
INFO:root:End of preprocessing
INFO:werkzeug:127.0.0.1 - - [16/Jan/2024 10:32:17] "POST /process_data HTTP/1.1" 200 -
INFO:werkzeug: * Detected change in '/home/shinawi-/Bureau/5SDBD/Projet/prediction-service/process_data.py', reloading
INFO:werkzeug: * Restarting with stat
WARNING:werkzeug: * Debugger is active!
INFO:werkzeug: * Debugger PIN: 985-958-854
INFO:werkzeug: * Detected change in '/home/shinawi-/Bureau/5SDBD/Projet/prediction-service/predict.py', reloading
INFO:werkzeug: * Restarting with stat
WARNING:werkzeug: * Debugger is active!
INFO:werkzeug: * Debugger PIN: 985-958-854
INFO:root:Start of preprocessing
INFO:root:End of preprocessing
INFO:werkzeug:127.0.0.1 - - [16/Jan/2024 10:35:54] "POST /process_data HTTP/1.1" 200 -
INFO:werkzeug: * Detected change in '/home/shinawi-/Bureau/5SDBD/Projet/prediction-service/process_data.py', reloading
INFO:werkzeug: * Restarting with stat
WARNING:werkzeug: * Debugger is active!
INFO:werkzeug: * Debugger PIN: 985-958-854
INFO:werkzeug: * Detected change in '/home/shinawi-/Bureau/5SDBD/Projet/prediction-service/predict.py', reloading
INFO:werkzeug: * Restarting with stat
WARNING:werkzeug: * Debugger is active!
INFO:werkzeug: * Debugger PIN: 985-958-854
INFO:root:Start of preprocessing
INFO:root:End of preprocessing
INFO:werkzeug:127.0.0.1 - - [16/Jan/2024 10:38:08] "POST /process_data HTTP/1.1" 200 -
INFO:werkzeug: * Detected change in '/home/shinawi-/Bureau/5SDBD/Projet/prediction-service/process_data.py', reloading
INFO:werkzeug: * Restarting with stat
WARNING:werkzeug: * Debugger is active!
INFO:werkzeug: * Debugger PIN: 985-958-854
INFO:werkzeug: * Detected change in '/home/shinawi-/Bureau/5SDBD/Projet/prediction-service/predict.py', reloading
INFO:werkzeug: * Restarting with stat
WARNING:werkzeug: * Debugger is active!
INFO:werkzeug: * Debugger PIN: 985-958-854
INFO:werkzeug: * Detected change in '/home/shinawi-/Bureau/5SDBD/Projet/prediction-service/predict.py', reloading
INFO:werkzeug: * Restarting with stat
WARNING:werkzeug: * Debugger is active!
INFO:werkzeug: * Debugger PIN: 985-958-854
INFO:werkzeug: * Detected change in '/home/shinawi-/Bureau/5SDBD/Projet/prediction-service/predict.py', reloading
INFO:werkzeug: * Restarting with stat
WARNING:werkzeug: * Debugger is active!
INFO:werkzeug: * Debugger PIN: 985-958-854
INFO:werkzeug: * Detected change in '/home/shinawi-/Bureau/5SDBD/Projet/prediction-service/predict.py', reloading
INFO:werkzeug: * Restarting with stat
WARNING:werkzeug: * Debugger is active!
INFO:werkzeug: * Debugger PIN: 985-958-854
INFO:werkzeug: * Detected change in '/home/shinawi-/Bureau/5SDBD/Projet/prediction-service/predict.py', reloading
INFO:werkzeug: * Restarting with stat
WARNING:werkzeug: * Debugger is active!
INFO:werkzeug: * Debugger PIN: 985-958-854
INFO:werkzeug: * Detected change in '/home/shinawi-/Bureau/5SDBD/Projet/prediction-service/predict.py', reloading
INFO:werkzeug: * Restarting with stat
WARNING:werkzeug: * Debugger is active!
INFO:werkzeug: * Debugger PIN: 985-958-854
